生成启动时间为 2016/1/26 7:57:31。
     1>项目“E:\Program files\github\GaussAlgorithm3\Algorithm3\Algorithm3\Algorithm3.vcxproj”在节点 2 上(build 个目标)。
     1>InitializeBuildStatus:
         正在创建“Debug\Algorithm3.unsuccessfulbuild”，因为已指定“AlwaysCreate”。
       ClCompile:
         所有输出均为最新。
         D:\Program files\VS2010\VC\bin\CL.exe /c /ZI /nologo /W3 /WX- /Od /Oy- /D WIN32 /D _DEBUG /D _CONSOLE /D _UNICODE /D UNICODE /Gm /EHsc /RTC1 /MDd /GS /fp:precise /Zc:wchar_t /Zc:forScope /Yu"StdAfx.h" /Fp"Debug\Algorithm3.pch" /Fo"Debug\\" /Fd"Debug\vc100.pdb" /Gd /TP /analyze- /errorReport:prompt Algorithm3.cpp
         Algorithm3.cpp
     1>e:\program files\github\gaussalgorithm3\algorithm3\algorithm3\algorithm3.cpp(77): warning C4244: “初始化”: 从“float”转换到“int”，可能丢失数据
     1>e:\program files\github\gaussalgorithm3\algorithm3\algorithm3\algorithm3.cpp(80): warning C4244: “初始化”: 从“double”转换到“int”，可能丢失数据
     1>e:\program files\github\gaussalgorithm3\algorithm3\algorithm3\algorithm3.cpp(95): warning C4244: “参数”: 从“int”转换到“float”，可能丢失数据
       ManifestResourceCompile:
         所有输出均为最新。
       Link:
         D:\Program files\VS2010\VC\bin\link.exe /ERRORREPORT:PROMPT /OUT:"E:\Program files\github\GaussAlgorithm3\Algorithm3\Debug\Algorithm3.exe" /INCREMENTAL /NOLOGO opencv_calib3d247d.lib opencv_contrib247d.lib opencv_core247d.lib opencv_features2d247d.lib opencv_flann247d.lib opencv_gpu247d.lib opencv_highgui247d.lib opencv_imgproc247d.lib opencv_legacy247d.lib opencv_ml247d.lib opencv_objdetect247d.lib opencv_ts247d.lib opencv_video247d.lib kernel32.lib user32.lib gdi32.lib winspool.lib comdlg32.lib advapi32.lib shell32.lib ole32.lib oleaut32.lib uuid.lib odbc32.lib odbccp32.lib /MANIFEST /ManifestFile:"Debug\Algorithm3.exe.intermediate.manifest" /MANIFESTUAC:"level='asInvoker' uiAccess='false'" /DEBUG /PDB:"E:\Program files\github\GaussAlgorithm3\Algorithm3\Debug\Algorithm3.pdb" /SUBSYSTEM:CONSOLE /TLBID:1 /DYNAMICBASE /NXCOMPAT /IMPLIB:"E:\Program files\github\GaussAlgorithm3\Algorithm3\Debug\Algorithm3.lib" /MACHINE:X86 Debug\Algorithm3.exe.embed.manifest.res
         Debug\Algorithm3.obj
         Debug\stdafx.obj
       Manifest:
         C:\Program Files\Microsoft SDKs\Windows\v7.0A\bin\mt.exe /nologo /verbose /out:"Debug\Algorithm3.exe.embed.manifest" /manifest Debug\Algorithm3.exe.intermediate.manifest
         所有输出均为最新。
       LinkEmbedManifest:
         所有输出均为最新。
         Algorithm3.vcxproj -> E:\Program files\github\GaussAlgorithm3\Algorithm3\Debug\Algorithm3.exe
       FinalizeBuildStatus:
         正在删除文件“Debug\Algorithm3.unsuccessfulbuild”。
         正在对“Debug\Algorithm3.lastbuildstate”执行 Touch 任务。
     1>已完成生成项目“E:\Program files\github\GaussAlgorithm3\Algorithm3\Algorithm3\Algorithm3.vcxproj”(build 个目标)的操作。

生成成功。

已用时间 00:00:02.05
